<?xml version="1.0" encoding="UTF-8"?>
<testsuite name="Tests" tests="3" skipped="0" failures="0" errors="0" timestamp="2022-04-26T08:48:47" hostname="DESKTOP-PMS6FCL" time="2.528">
  <properties/>
  <testcase name="fetchedUserListIsNotEmpty()" classname="Tests" time="1.196"/>
  <testcase name="fetchedProductListIsNotEmpty()" classname="Tests" time="0.701"/>
  <testcase name="fetchedCartListIsNotEmpty()" classname="Tests" time="0.63"/>
  <system-out><![CDATA[]]></system-out>
  <system-err><![CDATA[]]></system-err>
</testsuite>
